C:\USERS\JAVADTAGHIA\DOCUMENTS\GITHUB\ASHA-CONTROL\ASHACONTROLSOLUTION\ASHASOLVEREXE\DEBUG\GENERALFUNCTIONS.OBJ
C:\USERS\JAVADTAGHIA\DOCUMENTS\GITHUB\ASHA-CONTROL\ASHACONTROLSOLUTION\ASHASOLVEREXE\DEBUG\MAINSOLVER.OBJ
C:\USERS\JAVADTAGHIA\DOCUMENTS\GITHUB\ASHA-CONTROL\ASHACONTROLSOLUTION\ASHASOLVEREXE\DEBUG\VC110.PDB
C:\USERS\JAVADTAGHIA\DOCUMENTS\GITHUB\ASHA-CONTROL\ASHACONTROLSOLUTION\DEBUG\ASHASOLVEREXE.ILK
C:\USERS\JAVADTAGHIA\DOCUMENTS\GITHUB\ASHA-CONTROL\ASHACONTROLSOLUTION\DEBUG\ASHASOLVEREXE.EXE
C:\USERS\JAVADTAGHIA\DOCUMENTS\GITHUB\ASHA-CONTROL\ASHACONTROLSOLUTION\DEBUG\ASHASOLVEREXE.PDB
C:\Users\JavadTaghia\Documents\GitHub\Asha-Control\AshaControlSolution\AshaSolverEXE\Debug\generalFunctions.obj
C:\Users\JavadTaghia\Documents\GitHub\Asha-Control\AshaControlSolution\AshaSolverEXE\Debug\cl.command.1.tlog
C:\Users\JavadTaghia\Documents\GitHub\Asha-Control\AshaControlSolution\AshaSolverEXE\Debug\CL.read.1.tlog
C:\Users\JavadTaghia\Documents\GitHub\Asha-Control\AshaControlSolution\AshaSolverEXE\Debug\CL.write.1.tlog
C:\Users\JavadTaghia\Documents\GitHub\Asha-Control\AshaControlSolution\AshaSolverEXE\Debug\link-cvtres.read.1.tlog
C:\Users\JavadTaghia\Documents\GitHub\Asha-Control\AshaControlSolution\AshaSolverEXE\Debug\link-cvtres.write.1.tlog
C:\Users\JavadTaghia\Documents\GitHub\Asha-Control\AshaControlSolution\AshaSolverEXE\Debug\link-rc.read.1.tlog
C:\Users\JavadTaghia\Documents\GitHub\Asha-Control\AshaControlSolution\AshaSolverEXE\Debug\link-rc.write.1.tlog
C:\Users\JavadTaghia\Documents\GitHub\Asha-Control\AshaControlSolution\AshaSolverEXE\Debug\link.command.1.tlog
C:\Users\JavadTaghia\Documents\GitHub\Asha-Control\AshaControlSolution\AshaSolverEXE\Debug\link.read.1.tlog
C:\Users\JavadTaghia\Documents\GitHub\Asha-Control\AshaControlSolution\AshaSolverEXE\Debug\link.write.1.tlog
C:\Users\JavadTaghia\Documents\GitHub\Asha-Control\AshaControlSolution\AshaSolverEXE\Debug\vc110.idb
C:\Users\JavadTaghia\Documents\GitHub\Asha-Control\AshaControlSolution\AshaSolverEXE\Debug\vc110.pdb
C:\Users\JavadTaghia\Documents\GitHub\Asha-Control\AshaControlSolution\Debug\AshaSolverEXE.pdb
C:\Users\JavadTaghia\Documents\GitHub\Asha-Control\AshaControlSolution\Debug\AshaSolverEXE.exe
C:\Users\JavadTaghia\Documents\GitHub\Asha-Control\AshaControlSolution\Debug\AshaSolverEXE.ilk
